[0m23:12:24.940248 [debug] [MainThread]: Sending event: {'category': 'dbt', 'action': 'invocation', 'label': 'start', 'context': [<snowplow_tracker.self_describing_json.SelfDescribingJson object at 0x0000021286AF2A50>, <snowplow_tracker.self_describing_json.SelfDescribingJson object at 0x0000021288C63ED0>, <snowplow_tracker.self_describing_json.SelfDescribingJson object at 0x0000021288C63C50>]}


============================== 23:12:24.946281 | 6e99e12a-e28d-4e57-ad40-b470ebd4ba8b ==============================
[0m23:12:24.946281 [info ] [MainThread]: Running with dbt=1.10.10
[0m23:12:24.947468 [debug] [MainThread]: running dbt with arguments {'partial_parse': 'True', 'warn_error_options': 'WarnErrorOptionsV2(error=[], warn=[], silence=[])', 'send_anonymous_usage_stats': 'True', 'warn_error': 'None', 'cache_selected_only': 'False', 'target_path': 'None', 'version_check': 'True', 'invocation_command': 'dbt init dbt_course_pratice', 'log_format': 'default', 'use_colors': 'True', 'introspect': 'True', 'debug': 'False', 'log_cache_events': 'False', 'fail_fast': 'False', 'no_print': 'None', 'empty': 'None', 'printer_width': '80', 'quiet': 'False', 'use_experimental_parser': 'False', 'indirect_selection': 'eager', 'log_path': 'logs', 'write_json': 'True', 'static_parser': 'True', 'profiles_dir': 'C:\\Users\\user\\.dbt'}
[0m23:12:24.970045 [debug] [MainThread]: Starter project path: D:\Program Files\Python\Lib\site-packages\dbt\include\starter_project
[0m23:12:24.984865 [info ] [MainThread]: 
Your new dbt project "dbt_course_pratice" was created!

For more information on how to configure the profiles.yml file,
please consult the dbt documentation here:

  https://docs.getdbt.com/docs/configure-your-profile

One more thing:

Need help? Don't hesitate to reach out to us via GitHub issues or on Slack:

  https://community.getdbt.com/

Happy modeling!

[0m23:12:24.985885 [info ] [MainThread]: Setting up your profile.
[0m23:18:11.050903 [info ] [MainThread]: Profile dbt_course_pratice written to C:\Users\user\.dbt\profiles.yml using target's profile_template.yml and your supplied values. Run 'dbt debug' to validate the connection.
[0m23:18:11.054798 [debug] [MainThread]: Command `dbt init` succeeded at 23:18:11.054413 after 346.37 seconds
[0m23:18:11.055997 [debug] [MainThread]: Sending event: {'category': 'dbt', 'action': 'invocation', 'label': 'end', 'context': [<snowplow_tracker.self_describing_json.SelfDescribingJson object at 0x0000021288CEFBB0>, <snowplow_tracker.self_describing_json.SelfDescribingJson object at 0x0000021288E62D50>, <snowplow_tracker.self_describing_json.SelfDescribingJson object at 0x0000021287B1FDF0>]}
[0m23:18:11.057031 [debug] [MainThread]: Flushing usage events
[0m23:18:11.993188 [debug] [MainThread]: An error was encountered while trying to flush usage events
